<?xml version="1.0" encoding="UTF-8"?>
<testng-results skipped="0" failed="0" ignored="0" total="3" passed="3">
  <reporter-output>
  </reporter-output>
  <suite name="AllTests" duration-ms="44392" started-at="2019-11-06T22:39:53Z" finished-at="2019-11-06T22:40:37Z">
    <groups>
    </groups>
    <test name="LoginTest" duration-ms="16214" started-at="2019-11-06T22:39:53Z" finished-at="2019-11-06T22:40:09Z">
      <class name="com.herokuapp.theinternet.LoginTests">
        <test-method status="PASS" signature="login()[pri:0, instance:com.herokuapp.theinternet.LoginTests@21bcffb5]" name="login" duration-ms="16189" started-at="2019-11-06T22:39:53Z" finished-at="2019-11-06T22:40:09Z">
          <reporter-output>
          </reporter-output>
        </test-method> <!-- login -->
      </class> <!-- com.herokuapp.theinternet.LoginTests -->
    </test> <!-- LoginTest -->
    <test name="NegativeLoginTests" duration-ms="28134" started-at="2019-11-06T22:40:09Z" finished-at="2019-11-06T22:40:37Z">
      <class name="com.herokuapp.theinternet.NegativeLoginTests">
        <test-method status="PASS" signature="wrongUserNameLogin()[pri:1, instance:com.herokuapp.theinternet.NegativeLoginTests@6be46e8f]" name="wrongUserNameLogin" duration-ms="13885" started-at="2019-11-06T22:40:09Z" finished-at="2019-11-06T22:40:23Z">
          <reporter-output>
          </reporter-output>
        </test-method> <!-- wrongUserNameLogin -->
        <test-method status="PASS" signature="wrongPasswordLogin()[pri:2, instance:com.herokuapp.theinternet.NegativeLoginTests@6be46e8f]" name="wrongPasswordLogin" duration-ms="14245" started-at="2019-11-06T22:40:23Z" finished-at="2019-11-06T22:40:37Z">
          <reporter-output>
          </reporter-output>
        </test-method> <!-- wrongPasswordLogin -->
      </class> <!-- com.herokuapp.theinternet.NegativeLoginTests -->
    </test> <!-- NegativeLoginTests -->
  </suite> <!-- AllTests -->
</testng-results>
