<?xml version="1.0" encoding="UTF-8"?>
<!-- Generated by org.testng.reporters.JUnitXMLReporter -->
<testsuite hostname="DESKTOP-9I1M7L8" ignored="1" name="NegativeLoginTests" tests="1" failures="0" timestamp="06 Nov 2019 23:03:41 GMT" time="14.696" errors="0">
  <testcase name="wrongPasswordLogin" time="14.672" classname="com.herokuapp.theinternet.NegativeLoginTests"/>
  <testcase name="wrongUserNameLogin" time="0.0" classname="com.herokuapp.theinternet.NegativeLoginTests">
    <ignored/>
  </testcase> <!-- wrongUserNameLogin -->
</testsuite> <!-- NegativeLoginTests -->
