<?xml version="1.0" encoding="UTF-8"?>
<!-- Generated by org.testng.reporters.JUnitXMLReporter -->
<testsuite hostname="DESKTOP-9I1M7L8" ignored="1" name="NegativeUserNameTests" tests="1" failures="0" timestamp="10 Nov 2019 22:11:50 GMT" time="13.825" errors="0">
  <testcase name="negativeLoginTest" time="2.467" classname="com.herokuapp.theinternet.LoginTests"/>
  <testcase name="positiveLoginTest" time="0.0" classname="com.herokuapp.theinternet.LoginTests">
    <ignored/>
  </testcase> <!-- positiveLoginTest -->
</testsuite> <!-- NegativeUserNameTests -->
